This is pdfTeX, Version 3.141592653-2.6-1.40.25 (TeX Live 2023/Debian) (preloaded format=pdflatex 2025.10.27)  27 OCT 2025 15:15
entering extended mode
 \write18 enabled.
 %&-line parsing enabled.
**retrofit_en.tex
(./retrofit_en.tex
LaTeX2e <2023-11-01> patch level 1
L3 programming layer <2024-01-22>
(/usr/share/texlive/texmf-dist/tex/latex/base/report.cls
Document Class: report 2023/05/17 v1.4n Standard LaTeX document class
(/usr/share/texlive/texmf-dist/tex/latex/base/size11.clo
File: size11.clo 2023/05/17 v1.4n Standard LaTeX file (size option)
)
\c@part=\count187
\c@chapter=\count188
\c@section=\count189
\c@subsection=\count190
\c@subsubsection=\count191
\c@paragraph=\count192
\c@subparagraph=\count193
\c@figure=\count194
\c@table=\count195
\abovecaptionskip=\skip48
\belowcaptionskip=\skip49
\bibindent=\dimen140
)
(/usr/share/texlive/texmf-dist/tex/latex/base/inputenc.sty
Package: inputenc 2021/02/14 v1.3d Input encoding file
\inpenc@prehook=\toks17
\inpenc@posthook=\toks18
)
(/usr/share/texlive/texmf-dist/tex/latex/base/fontenc.sty
Package: fontenc 2021/04/29 v2.0v Standard LaTeX package
)
(/usr/share/texmf/tex/latex/lm/lmodern.sty
Package: lmodern 2015/05/01 v1.6.1 Latin Modern Fonts
LaTeX Font Info:    Overwriting symbol font `operators' in version `normal'
(Font)                  OT1/cmr/m/n --> OT1/lmr/m/n on input line 22.
LaTeX Font Info:    Overwriting symbol font `letters' in version `normal'
(Font)                  OML/cmm/m/it --> OML/lmm/m/it on input line 23.
LaTeX Font Info:    Overwriting symbol font `symbols' in version `normal'
(Font)                  OMS/cmsy/m/n --> OMS/lmsy/m/n on input line 24.
LaTeX Font Info:    Overwriting symbol font `largesymbols' in version `normal'
(Font)                  OMX/cmex/m/n --> OMX/lmex/m/n on input line 25.
LaTeX Font Info:    Overwriting symbol font `operators' in version `bold'
(Font)                  OT1/cmr/bx/n --> OT1/lmr/bx/n on input line 26.
LaTeX Font Info:    Overwriting symbol font `letters' in version `bold'
(Font)                  OML/cmm/b/it --> OML/lmm/b/it on input line 27.
LaTeX Font Info:    Overwriting symbol font `symbols' in version `bold'
(Font)                  OMS/cmsy/b/n --> OMS/lmsy/b/n on input line 28.
LaTeX Font Info:    Overwriting symbol font `largesymbols' in version `bold'
(Font)                  OMX/cmex/m/n --> OMX/lmex/m/n on input line 29.
LaTeX Font Info:    Overwriting math alphabet `\mathbf' in version `normal'
(Font)                  OT1/cmr/bx/n --> OT1/lmr/bx/n on input line 31.
LaTeX Font Info:    Overwriting math alphabet `\mathsf' in version `normal'
(Font)                  OT1/cmss/m/n --> OT1/lmss/m/n on input line 32.
LaTeX Font Info:    Overwriting math alphabet `\mathit' in version `normal'
(Font)                  OT1/cmr/m/it --> OT1/lmr/m/it on input line 33.
LaTeX Font Info:    Overwriting math alphabet `\mathtt' in version `normal'
(Font)                  OT1/cmtt/m/n --> OT1/lmtt/m/n on input line 34.
LaTeX Font Info:    Overwriting math alphabet `\mathbf' in version `bold'
(Font)                  OT1/cmr/bx/n --> OT1/lmr/bx/n on input line 35.
LaTeX Font Info:    Overwriting math alphabet `\mathsf' in version `bold'
(Font)                  OT1/cmss/bx/n --> OT1/lmss/bx/n on input line 36.
LaTeX Font Info:    Overwriting math alphabet `\mathit' in version `bold'
(Font)                  OT1/cmr/bx/it --> OT1/lmr/bx/it on input line 37.
LaTeX Font Info:    Overwriting math alphabet `\mathtt' in version `bold'
(Font)                  OT1/cmtt/m/n --> OT1/lmtt/m/n on input line 38.
)
(/usr/share/texlive/texmf-dist/tex/latex/geometry/geometry.sty
Package: geometry 2020/01/02 v5.9 Page Geometry

(/usr/share/texlive/texmf-dist/tex/latex/graphics/keyval.sty
Package: keyval 2022/05/29 v1.15 key=value parser (DPC)
\KV@toks@=\toks19
)
(/usr/share/texlive/texmf-dist/tex/generic/iftex/ifvtex.sty
Package: ifvtex 2019/10/25 v1.7 ifvtex legacy package. Use iftex instead.

(/usr/share/texlive/texmf-dist/tex/generic/iftex/iftex.sty
Package: iftex 2022/02/03 v1.0f TeX engine tests
))
\Gm@cnth=\count196
\Gm@cntv=\count197
\c@Gm@tempcnt=\count198
\Gm@bindingoffset=\dimen141
\Gm@wd@mp=\dimen142
\Gm@odd@mp=\dimen143
\Gm@even@mp=\dimen144
\Gm@layoutwidth=\dimen145
\Gm@layoutheight=\dimen146
\Gm@layouthoffset=\dimen147
\Gm@layoutvoffset=\dimen148
\Gm@dimlist=\toks20
)
(/usr/share/texlive/texmf-dist/tex/latex/hyperref/hyperref.sty
Package: hyperref 2024-01-20 v7.01h Hypertext links for LaTeX

(/usr/share/texlive/texmf-dist/tex/latex/kvsetkeys/kvsetkeys.sty
Package: kvsetkeys 2022-10-05 v1.19 Key value parser (HO)
)
(/usr/share/texlive/texmf-dist/tex/generic/kvdefinekeys/kvdefinekeys.sty
Package: kvdefinekeys 2019-12-19 v1.6 Define keys (HO)
)
(/usr/share/texlive/texmf-dist/tex/generic/pdfescape/pdfescape.sty
Package: pdfescape 2019/12/09 v1.15 Implements pdfTeX's escape features (HO)

(/usr/share/texlive/texmf-dist/tex/generic/ltxcmds/ltxcmds.sty
Package: ltxcmds 2023-12-04 v1.26 LaTeX kernel commands for general use (HO)
)
(/usr/share/texlive/texmf-dist/tex/generic/pdftexcmds/pdftexcmds.sty
Package: pdftexcmds 2020-06-27 v0.33 Utility functions of pdfTeX for LuaTeX (HO
)

(/usr/share/texlive/texmf-dist/tex/generic/infwarerr/infwarerr.sty
Package: infwarerr 2019/12/03 v1.5 Providing info/warning/error messages (HO)
)
Package pdftexcmds Info: \pdf@primitive is available.
Package pdftexcmds Info: \pdf@ifprimitive is available.
Package pdftexcmds Info: \pdfdraftmode found.
))
(/usr/share/texlive/texmf-dist/tex/latex/hycolor/hycolor.sty
Package: hycolor 2020-01-27 v1.10 Color options for hyperref/bookmark (HO)
)
(/usr/share/texlive/texmf-dist/tex/latex/auxhook/auxhook.sty
Package: auxhook 2019-12-17 v1.6 Hooks for auxiliary files (HO)
)
(/usr/share/texlive/texmf-dist/tex/latex/hyperref/nameref.sty
Package: nameref 2023-11-26 v2.56 Cross-referencing by name of section

(/usr/share/texlive/texmf-dist/tex/latex/refcount/refcount.sty
Package: refcount 2019/12/15 v3.6 Data extraction from label references (HO)
)
(/usr/share/texlive/texmf-dist/tex/generic/gettitlestring/gettitlestring.sty
Package: gettitlestring 2019/12/15 v1.6 Cleanup title references (HO)

(/usr/share/texlive/texmf-dist/tex/latex/kvoptions/kvoptions.sty
Package: kvoptions 2022-06-15 v3.15 Key value format for package options (HO)
))
\c@section@level=\count199
)
(/usr/share/texlive/texmf-dist/tex/latex/etoolbox/etoolbox.sty
Package: etoolbox 2020/10/05 v2.5k e-TeX tools for LaTeX (JAW)
\etb@tempcnta=\count266
)
\@linkdim=\dimen149
\Hy@linkcounter=\count267
\Hy@pagecounter=\count268

(/usr/share/texlive/texmf-dist/tex/latex/hyperref/pd1enc.def
File: pd1enc.def 2024-01-20 v7.01h Hyperref: PDFDocEncoding definition (HO)
Now handling font encoding PD1 ...
... no UTF-8 mapping file for font encoding PD1
)
(/usr/share/texlive/texmf-dist/tex/generic/intcalc/intcalc.sty
Package: intcalc 2019/12/15 v1.3 Expandable calculations with integers (HO)
)
\Hy@SavedSpaceFactor=\count269

(/usr/share/texlive/texmf-dist/tex/latex/hyperref/puenc.def
File: puenc.def 2024-01-20 v7.01h Hyperref: PDF Unicode definition (HO)
Now handling font encoding PU ...
... no UTF-8 mapping file for font encoding PU
)
Package hyperref Info: Hyper figures OFF on input line 4179.
Package hyperref Info: Link nesting OFF on input line 4184.
Package hyperref Info: Hyper index ON on input line 4187.
Package hyperref Info: Plain pages OFF on input line 4194.
Package hyperref Info: Backreferencing OFF on input line 4199.
Package hyperref Info: Implicit mode ON; LaTeX internals redefined.
Package hyperref Info: Bookmarks ON on input line 4446.
\c@Hy@tempcnt=\count270

(/usr/share/texlive/texmf-dist/tex/latex/url/url.sty
\Urlmuskip=\muskip16
Package: url 2013/09/16  ver 3.4  Verb mode for urls, etc.
)
LaTeX Info: Redefining \url on input line 4784.
\XeTeXLinkMargin=\dimen150

(/usr/share/texlive/texmf-dist/tex/generic/bitset/bitset.sty
Package: bitset 2019/12/09 v1.3 Handle bit-vector datatype (HO)

(/usr/share/texlive/texmf-dist/tex/generic/bigintcalc/bigintcalc.sty
Package: bigintcalc 2019/12/15 v1.5 Expandable calculations on big integers (HO
)
))
\Fld@menulength=\count271
\Field@Width=\dimen151
\Fld@charsize=\dimen152
Package hyperref Info: Hyper figures OFF on input line 6063.
Package hyperref Info: Link nesting OFF on input line 6068.
Package hyperref Info: Hyper index ON on input line 6071.
Package hyperref Info: backreferencing OFF on input line 6078.
Package hyperref Info: Link coloring OFF on input line 6083.
Package hyperref Info: Link coloring with OCG OFF on input line 6088.
Package hyperref Info: PDF/A mode OFF on input line 6093.

(/usr/share/texlive/texmf-dist/tex/latex/base/atbegshi-ltx.sty
Package: atbegshi-ltx 2021/01/10 v1.0c Emulation of the original atbegshi
package with kernel methods
)
\Hy@abspage=\count272
\c@Item=\count273
\c@Hfootnote=\count274
)
Package hyperref Info: Driver (autodetected): hpdftex.

(/usr/share/texlive/texmf-dist/tex/latex/hyperref/hpdftex.def
File: hpdftex.def 2024-01-20 v7.01h Hyperref driver for pdfTeX

(/usr/share/texlive/texmf-dist/tex/latex/base/atveryend-ltx.sty
Package: atveryend-ltx 2020/08/19 v1.0a Emulation of the original atveryend pac
kage
with kernel methods
)
\Fld@listcount=\count275
\c@bookmark@seq@number=\count276

(/usr/share/texlive/texmf-dist/tex/latex/rerunfilecheck/rerunfilecheck.sty
Package: rerunfilecheck 2022-07-10 v1.10 Rerun checks for auxiliary files (HO)

(/usr/share/texlive/texmf-dist/tex/generic/uniquecounter/uniquecounter.sty
Package: uniquecounter 2019/12/15 v1.4 Provide unlimited unique counter (HO)
)
Package uniquecounter Info: New unique counter `rerunfilecheck' on input line 2
85.
)
\Hy@SectionHShift=\skip50
)
(/usr/share/texlive/texmf-dist/tex/latex/bookmark/bookmark.sty
Package: bookmark 2023-12-10 v1.31 PDF bookmarks (HO)

(/usr/share/texlive/texmf-dist/tex/latex/bookmark/bkm-pdftex.def
File: bkm-pdftex.def 2023-12-10 v1.31 bookmark driver for pdfTeX and luaTeX (HO
)
\BKM@id=\count277
))
(/usr/share/texlive/texmf-dist/tex/generic/babel/babel.sty
Package: babel 2024/01/07 v24.1 The Babel package
\babel@savecnt=\count278
\U@D=\dimen153
\l@unhyphenated=\language89

(/usr/share/texlive/texmf-dist/tex/generic/babel/txtbabel.def)
\bbl@readstream=\read2
\bbl@dirlevel=\count279

(/usr/share/texlive/texmf-dist/tex/generic/babel-english/english.ldf
Language: english 2017/06/06 v3.3r English support from the babel system
Package babel Info: Hyphen rules for 'canadian' set to \l@english
(babel)             (\language0). Reported on input line 102.
Package babel Info: Hyphen rules for 'australian' set to \l@ukenglish
(babel)             (\language44). Reported on input line 105.
Package babel Info: Hyphen rules for 'newzealand' set to \l@ukenglish
(babel)             (\language44). Reported on input line 108.
))
(/usr/share/texlive/texmf-dist/tex/generic/babel/locale/en/babel-english.tex
Package babel Info: Importing font and identification data for english
(babel)             from babel-en.ini. Reported on input line 11.
)
(/usr/share/texlive/texmf-dist/tex/latex/base/textcomp.sty
Package: textcomp 2020/02/02 v2.0n Standard LaTeX package
)
(/usr/share/texlive/texmf-dist/tex/latex/newunicodechar/newunicodechar.sty
Package: newunicodechar 2018/04/08 v1.2 Defining Unicode characters
)
(/usr/share/texlive/texmf-dist/tex/latex/markdown/markdown.sty
(/usr/share/texlive/texmf-dist/tex/latex/l3kernel/expl3.sty
Package: expl3 2024-01-22 L3 programming layer (loader) 

(/usr/share/texlive/texmf-dist/tex/latex/l3backend/l3backend-pdftex.def
File: l3backend-pdftex.def 2024-01-04 L3 backend support: PDF output (pdfTeX)
\l__color_backend_stack_int=\count280
\l__pdf_internal_box=\box51
))
(/usr/share/texlive/texmf-dist/tex/generic/markdown/markdown.tex
\markdownOptionFrozenCacheCounter=\count281
\markdownInputFileStream=\read3
\markdownOutputFileStream=\write3
Package markdown Info: Using mode 3: The lt3luabridge package on input line 266
7.

(/usr/share/texlive/texmf-dist/tex/generic/lt3luabridge/lt3luabridge.tex
\g_luabridge_method_int=\count282

Package luabridge Info: Using shell escape as the bridging method

))
Package: markdown 2023-04-27 v2.23.0-0-g0b22f91 markdown renderer

(/usr/share/texlive/texmf-dist/tex/latex/paralist/paralist.sty
Package: paralist 2017/01/22 v2.7 Extended list environments
\pltopsep=\skip51
\plpartopsep=\skip52
\plitemsep=\skip53
\plparsep=\skip54
\pl@lab=\toks21
)
(/usr/share/texlive/texmf-dist/tex/latex/amsmath/amsmath.sty
Package: amsmath 2023/05/13 v2.17o AMS math features
\@mathmargin=\skip55

For additional information on amsmath, use the `?' option.
(/usr/share/texlive/texmf-dist/tex/latex/amsmath/amstext.sty
Package: amstext 2021/08/26 v2.01 AMS text

(/usr/share/texlive/texmf-dist/tex/latex/amsmath/amsgen.sty
File: amsgen.sty 1999/11/30 v2.0 generic functions
\@emptytoks=\toks22
\ex@=\dimen154
))
(/usr/share/texlive/texmf-dist/tex/latex/amsmath/amsbsy.sty
Package: amsbsy 1999/11/29 v1.2d Bold Symbols
\pmbraise@=\dimen155
)
(/usr/share/texlive/texmf-dist/tex/latex/amsmath/amsopn.sty
Package: amsopn 2022/04/08 v2.04 operator names
)
\inf@bad=\count283
LaTeX Info: Redefining \frac on input line 234.
\uproot@=\count284
\leftroot@=\count285
LaTeX Info: Redefining \overline on input line 399.
LaTeX Info: Redefining \colon on input line 410.
\classnum@=\count286
\DOTSCASE@=\count287
LaTeX Info: Redefining \ldots on input line 496.
LaTeX Info: Redefining \dots on input line 499.
LaTeX Info: Redefining \cdots on input line 620.
\Mathstrutbox@=\box52
\strutbox@=\box53
LaTeX Info: Redefining \big on input line 722.
LaTeX Info: Redefining \Big on input line 723.
LaTeX Info: Redefining \bigg on input line 724.
LaTeX Info: Redefining \Bigg on input line 725.
\big@size=\dimen156
LaTeX Font Info:    Redeclaring font encoding OML on input line 743.
LaTeX Font Info:    Redeclaring font encoding OMS on input line 744.
\macc@depth=\count288
LaTeX Info: Redefining \bmod on input line 905.
LaTeX Info: Redefining \pmod on input line 910.
LaTeX Info: Redefining \smash on input line 940.
LaTeX Info: Redefining \relbar on input line 970.
LaTeX Info: Redefining \Relbar on input line 971.
\c@MaxMatrixCols=\count289
\dotsspace@=\muskip17
\c@parentequation=\count290
\dspbrk@lvl=\count291
\tag@help=\toks23
\row@=\count292
\column@=\count293
\maxfields@=\count294
\andhelp@=\toks24
\eqnshift@=\dimen157
\alignsep@=\dimen158
\tagshift@=\dimen159
\tagwidth@=\dimen160
\totwidth@=\dimen161
\lineht@=\dimen162
\@envbody=\toks25
\multlinegap=\skip56
\multlinetaggap=\skip57
\mathdisplay@stack=\toks26
LaTeX Info: Redefining \[ on input line 2953.
LaTeX Info: Redefining \] on input line 2954.
)
(/usr/share/texlive/texmf-dist/tex/latex/amsfonts/amssymb.sty
Package: amssymb 2013/01/14 v3.01 AMS font symbols

(/usr/share/texlive/texmf-dist/tex/latex/amsfonts/amsfonts.sty
Package: amsfonts 2013/01/14 v3.01 Basic AMSFonts support
\symAMSa=\mathgroup4
\symAMSb=\mathgroup5
LaTeX Font Info:    Redeclaring math symbol \hbar on input line 98.
LaTeX Font Info:    Overwriting math alphabet `\mathfrak' in version `bold'
(Font)                  U/euf/m/n --> U/euf/b/n on input line 106.
))
(/usr/share/texlive/texmf-dist/tex/latex/csvsimple/csvsimple.sty
Package: csvsimple 2024/01/19 v2.6.0 LaTeX CSV file processing
)
(/usr/share/texlive/texmf-dist/tex/latex/csvsimple/csvsimple-legacy.sty
Package: csvsimple-legacy 2024/01/19 version 2.6.0 LaTeX2e CSV file processing

(/usr/share/texlive/texmf-dist/tex/latex/pgf/utilities/pgfrcs.sty
(/usr/share/texlive/texmf-dist/tex/generic/pgf/utilities/pgfutil-common.tex
\pgfutil@everybye=\toks27
\pgfutil@tempdima=\dimen163
\pgfutil@tempdimb=\dimen164
)
(/usr/share/texlive/texmf-dist/tex/generic/pgf/utilities/pgfutil-latex.def
\pgfutil@abb=\box54
)
(/usr/share/texlive/texmf-dist/tex/generic/pgf/utilities/pgfrcs.code.tex
(/usr/share/texlive/texmf-dist/tex/generic/pgf/pgf.revision.tex)
Package: pgfrcs 2023-01-15 v3.1.10 (3.1.10)
))
(/usr/share/texlive/texmf-dist/tex/latex/pgf/utilities/pgfkeys.sty
(/usr/share/texlive/texmf-dist/tex/generic/pgf/utilities/pgfkeys.code.tex
\pgfkeys@pathtoks=\toks28
\pgfkeys@temptoks=\toks29

(/usr/share/texlive/texmf-dist/tex/generic/pgf/utilities/pgfkeyslibraryfiltered
.code.tex
\pgfkeys@tmptoks=\toks30
))) (/usr/share/texlive/texmf-dist/tex/latex/base/ifthen.sty
Package: ifthen 2022/04/13 v1.1d Standard LaTeX ifthen package (DPC)
)
(/usr/share/texlive/texmf-dist/tex/latex/tools/shellesc.sty
Package: shellesc 2023/07/08 v1.0d unified shell escape interface for LaTeX
Package shellesc Info: Unrestricted shell escape enabled on input line 75.
)
\csv@file=\read4
\c@csvinputline=\count295
\c@csvrow=\count296
\c@csvcol=\count297
\csv@out=\write4
)
(/usr/share/texlive/texmf-dist/tex/latex/fancyvrb/fancyvrb.sty
Package: fancyvrb 2024/01/20 4.5c verbatim text (tvz,hv)
\FV@CodeLineNo=\count298
\FV@InFile=\read5
\FV@TabBox=\box55
\c@FancyVerbLine=\count299
\FV@StepNumber=\count300
\FV@OutFile=\write5
)
(/usr/share/texlive/texmf-dist/tex/latex/graphics/graphicx.sty
Package: graphicx 2021/09/16 v1.2d Enhanced LaTeX Graphics (DPC,SPQR)

(/usr/share/texlive/texmf-dist/tex/latex/graphics/graphics.sty
Package: graphics 2022/03/10 v1.4e Standard LaTeX Graphics (DPC,SPQR)

(/usr/share/texlive/texmf-dist/tex/latex/graphics/trig.sty
Package: trig 2021/08/11 v1.11 sin cos tan (DPC)
)
(/usr/share/texlive/texmf-dist/tex/latex/graphics-cfg/graphics.cfg
File: graphics.cfg 2016/06/04 v1.11 sample graphics configuration
)
Package graphics Info: Driver file: pdftex.def on input line 107.

(/usr/share/texlive/texmf-dist/tex/latex/graphics-def/pdftex.def
File: pdftex.def 2022/09/22 v1.2b Graphics/color driver for pdftex
))
\Gin@req@height=\dimen165
\Gin@req@width=\dimen166
)
\markdownLaTeXCitationsCounter=\count301

(/usr/share/texlive/texmf-dist/tex/generic/gobble/gobble.sty
Package: gobble 2019/01/04 v0.2 Provides more gobble macros

(/usr/share/texlive/texmf-dist/tex/generic/gobble/gobble.tex))
\markdownLaTeXRowCounter=\count302
\markdownLaTeXRowTotal=\count303
\markdownLaTeXColumnCounter=\count304
\markdownLaTeXColumnTotal=\count305
\markdownLaTeXTable=\toks31
\markdownLaTeXTableAlignment=\toks32
\markdownLaTeXTableEnd=\toks33
)

Package newunicodechar Warning: Redefining Unicode character on input line 17.


Package newunicodechar Warning: Redefining Unicode character on input line 18.


Package newunicodechar Warning: Redefining Unicode character on input line 20.


Package newunicodechar Warning: Redefining Unicode character on input line 21.


Package newunicodechar Warning: Redefining Unicode character on input line 23.


Package newunicodechar Warning: Redefining Unicode character on input line 25.


Package newunicodechar Warning: Redefining Unicode character on input line 29.

LaTeX Font Info:    Trying to load font information for T1+lmr on input line 35
.
(/usr/share/texmf/tex/latex/lm/t1lmr.fd
File: t1lmr.fd 2015/05/01 v1.6.1 Font defs for Latin Modern
) (./retrofit_en.aux)
\openout1 = `retrofit_en.aux'.

LaTeX Font Info:    Checking defaults for OML/cmm/m/it on input line 35.
LaTeX Font Info:    ... okay on input line 35.
LaTeX Font Info:    Checking defaults for OMS/cmsy/m/n on input line 35.
LaTeX Font Info:    ... okay on input line 35.
LaTeX Font Info:    Checking defaults for OT1/cmr/m/n on input line 35.
LaTeX Font Info:    ... okay on input line 35.
LaTeX Font Info:    Checking defaults for T1/cmr/m/n on input line 35.
LaTeX Font Info:    ... okay on input line 35.
LaTeX Font Info:    Checking defaults for TS1/cmr/m/n on input line 35.
LaTeX Font Info:    ... okay on input line 35.
LaTeX Font Info:    Checking defaults for OMX/cmex/m/n on input line 35.
LaTeX Font Info:    ... okay on input line 35.
LaTeX Font Info:    Checking defaults for U/cmr/m/n on input line 35.
LaTeX Font Info:    ... okay on input line 35.
LaTeX Font Info:    Checking defaults for PD1/pdf/m/n on input line 35.
LaTeX Font Info:    ... okay on input line 35.
LaTeX Font Info:    Checking defaults for PU/pdf/m/n on input line 35.
LaTeX Font Info:    ... okay on input line 35.

*geometry* driver: auto-detecting
*geometry* detected driver: pdftex
*geometry* verbose mode - [ preamble ] result:
* driver: pdftex
* paper: a4paper
* layout: <same size as paper>
* layoutoffset:(h,v)=(0.0pt,0.0pt)
* modes: 
* h-part:(L,W,R)=(72.26999pt, 452.9679pt, 72.26999pt)
* v-part:(T,H,B)=(72.26999pt, 700.50687pt, 72.26999pt)
* \paperwidth=597.50787pt
* \paperheight=845.04684pt
* \textwidth=452.9679pt
* \textheight=700.50687pt
* \oddsidemargin=0.0pt
* \evensidemargin=0.0pt
* \topmargin=-37.0pt
* \headheight=12.0pt
* \headsep=25.0pt
* \topskip=11.0pt
* \footskip=30.0pt
* \marginparwidth=59.0pt
* \marginparsep=10.0pt
* \columnsep=10.0pt
* \skip\footins=10.0pt plus 4.0pt minus 2.0pt
* \hoffset=0.0pt
* \voffset=0.0pt
* \mag=1000
* \@twocolumnfalse
* \@twosidefalse
* \@mparswitchfalse
* \@reversemarginfalse
* (1in=72.27pt=25.4mm, 1cm=28.453pt)

Package hyperref Info: Link coloring OFF on input line 35.
(/usr/share/texlive/texmf-dist/tex/context/base/mkii/supp-pdf.mkii
[Loading MPS to PDF converter (version 2006.09.02).]
\scratchcounter=\count306
\scratchdimen=\dimen167
\scratchbox=\box56
\nofMPsegments=\count307
\nofMParguments=\count308
\everyMPshowfont=\toks34
\MPscratchCnt=\count309
\MPscratchDim=\dimen168
\MPnumerator=\count310
\makeMPintoPDFobject=\count311
\everyMPtoPDFconversion=\toks35
) (/usr/share/texlive/texmf-dist/tex/latex/epstopdf-pkg/epstopdf-base.sty
Package: epstopdf-base 2020-01-24 v2.11 Base part for package epstopdf
Package epstopdf-base Info: Redefining graphics rule for `.eps' on input line 4
85.

(/usr/share/texlive/texmf-dist/tex/latex/latexconfig/epstopdf-sys.cfg
File: epstopdf-sys.cfg 2010/07/13 v1.3 Configuration of (r)epstopdf for TeX Liv
e
))
LaTeX Font Info:    Trying to load font information for OT1+lmr on input line 3
7.

(/usr/share/texmf/tex/latex/lm/ot1lmr.fd
File: ot1lmr.fd 2015/05/01 v1.6.1 Font defs for Latin Modern
)
LaTeX Font Info:    Trying to load font information for OML+lmm on input line 3
7.

(/usr/share/texmf/tex/latex/lm/omllmm.fd
File: omllmm.fd 2015/05/01 v1.6.1 Font defs for Latin Modern
)
LaTeX Font Info:    Trying to load font information for OMS+lmsy on input line 
37.

(/usr/share/texmf/tex/latex/lm/omslmsy.fd
File: omslmsy.fd 2015/05/01 v1.6.1 Font defs for Latin Modern
)
LaTeX Font Info:    Trying to load font information for OMX+lmex on input line 
37.

(/usr/share/texmf/tex/latex/lm/omxlmex.fd
File: omxlmex.fd 2015/05/01 v1.6.1 Font defs for Latin Modern
)
LaTeX Font Info:    External font `lmex10' loaded for size
(Font)              <12> on input line 37.
LaTeX Font Info:    External font `lmex10' loaded for size
(Font)              <8> on input line 37.
LaTeX Font Info:    External font `lmex10' loaded for size
(Font)              <6> on input line 37.
LaTeX Font Info:    Trying to load font information for U+msa on input line 37.


(/usr/share/texlive/texmf-dist/tex/latex/amsfonts/umsa.fd
File: umsa.fd 2013/01/14 v3.01 AMS symbols A
)
LaTeX Font Info:    Trying to load font information for U+msb on input line 37.


(/usr/share/texlive/texmf-dist/tex/latex/amsfonts/umsb.fd
File: umsb.fd 2013/01/14 v3.01 AMS symbols B
) [1

{/var/lib/texmf/fonts/map/pdftex/updmap/pdftex.map}{/usr/share/texmf/fonts/enc/
dvips/lm/lm-ec.enc}] (./retrofit_en.toc
LaTeX Font Info:    External font `lmex10' loaded for size
(Font)              <10.95> on input line 5.

pdfTeX warning (ext4): destination with the same identifier (name{page.1}) has 
been already used, duplicate ignored
<to be read again> 
                   \relax 
l.36 ...ation and Commissioning}{19}{section.10.5}
                                                  % [1

] [2] [3])
\tf@toc=\write6
\openout6 = `retrofit_en.toc'.

 [4]
Chapter 1.
\openout3 = `retrofit_en.markdown.in'.

Package markdown Info: Buffering markdown input into the temporary input file "
retrofit_en.markdown.in" and scanning for the closing token sequence "\end{mark
down}" on input line 43.
Package markdown Info: The ending token sequence was found on input line 73.
Package markdown Info: Including markdown document "./retrofit_en.markdown.in" 
on input line 73.
\g_tmpa_iow=\write7
\openout7 = `retrofit_en.markdown.lua'.


Package luabridge Info: Writing a helper Lua script to file
(luabridge)             \markdownOptionHelperScriptFileName 


Package luabridge Info: Executing a helper Lua script from file
(luabridge)             \markdownOptionHelperScriptFileName 

(|texlua ./retrofit_en.markdown.lua)
(./_markdown_retrofit_en/79cd7e02925985bf8851928825ea2ffe.md.tex
LaTeX Font Info:    Trying to load font information for TS1+lmr on input line 3
.

(/usr/share/texmf/tex/latex/lm/ts1lmr.fd
File: ts1lmr.fd 2015/05/01 v1.6.1 Font defs for Latin Modern
)) [5


{/usr/share/texmf/fonts/enc/dvips/lm/lm-ts1.enc}{/usr/share/texmf/fonts/enc/dvi
ps/lm/lm-mathsy.enc}]
Chapter 2.
\openout3 = `retrofit_en.markdown.in'.

Package markdown Info: Buffering markdown input into the temporary input file "
retrofit_en.markdown.in" and scanning for the closing token sequence "\end{mark
down}" on input line 76.
Package markdown Info: The ending token sequence was found on input line 124.
Package markdown Info: Including markdown document "./retrofit_en.markdown.in" 
on input line 124.
\openout7 = `retrofit_en.markdown.lua'.


Package luabridge Info: Writing a helper Lua script to file
(luabridge)             \markdownOptionHelperScriptFileName 


Package luabridge Info: Executing a helper Lua script from file
(luabridge)             \markdownOptionHelperScriptFileName 

(|texlua ./retrofit_en.markdown.lua)
(./_markdown_retrofit_en/e66892a2098322b0d00342a0ca03aa5a.md.tex [6

]
Chapter 3.
[7

{/usr/share/texmf/fonts/enc/dvips/lm/lm-rm.enc}]
! Missing $ inserted.
<inserted text> 
                $
l.52 ...nd open entry are thermal bridges; see 05_
                                                  envelope‑airtightness.md...
I've inserted a begin-math/end-math symbol since I think
you left one out. Proceed, with fingers crossed.


! LaTeX Error: Command \item invalid in math mode.

See the LaTeX manual or LaTeX Companion for explanation.
Type  H <return>  for immediate help.
 ...                                              
                                                  
l.53 \markdownRendererUlItem N
                              o central ventilation feasible; plan single‑...

Try typing  <return>  to proceed.
If that doesn't work, type  X <return>  to quit.


! LaTeX Error: Something's wrong--perhaps a missing \item.

See the LaTeX manual or LaTeX Companion for explanation.
Type  H <return>  for immediate help.
 ...                                              
                                                  
l.53 \markdownRendererUlItem N
                              o central ventilation feasible; plan single‑...

Try typing  <return>  to proceed.
If that doesn't work, type  X <return>  to quit.


! LaTeX Error: Something's wrong--perhaps a missing \item.

See the LaTeX manual or LaTeX Companion for explanation.
Type  H <return>  for immediate help.
 ...                                              
                                                  
l.53 \markdownRendererUlItem N
                              o central ventilation feasible; plan single‑...

Try typing  <return>  to proceed.
If that doesn't work, type  X <return>  to quit.


! LaTeX Error: Command \end{compactitem} invalid in math mode.

See the LaTeX manual or LaTeX Companion for explanation.
Type  H <return>  for immediate help.
 ...                                              
                                                  
l.54 \markdownRendererUlEndTight
                                
Try typing  <return>  to proceed.
If that doesn't work, type  X <return>  to quit.


! LaTeX Error: Something's wrong--perhaps a missing \item.

See the LaTeX manual or LaTeX Companion for explanation.
Type  H <return>  for immediate help.
 ...                                              
                                                  
l.54 \markdownRendererUlEndTight
                                
Try typing  <return>  to proceed.
If that doesn't work, type  X <return>  to quit.


! LaTeX Error: Something's wrong--perhaps a missing \item.

See the LaTeX manual or LaTeX Companion for explanation.
Type  H <return>  for immediate help.
 ...                                              
                                                  
l.54 \markdownRendererUlEndTight
                                
Try typing  <return>  to proceed.
If that doesn't work, type  X <return>  to quit.

! Missing $ inserted.
<inserted text> 
                $
l.54 \markdownRendererUlEndTight
                                
I've inserted something that you may have forgotten.
(See the <inserted text> above.)
With luck, this will get me unwedged. But if you
really didn't forget anything, try typing `2' now; then
my insertion and my current dilemma will both disappear.

)
Overfull \hbox (668.95583pt too wide) in paragraph at lines 52--125
[]\T1/lmr/m/n/10.95 Loggia (in-te-rior bal-cony) and open en-try are ther-mal b
ridges; see 05$[]\OML/lmm/m/it/10.95 nvelope[]airtightness:mdforoptions\OT1/lmr
/m/n/10.95 (\OML/lmm/m/it/10.95 wintergarden=vestibuleprioritized\OT1/lmr/m/n/1
0.95 )\OML/lmm/m/it/10.95 :[]Nocentralventilationfeasible\OT1/lmr/m/n/10.95 ; \
OML/lmm/m/it/10.95 plansingle[]roomHRVunitswithproperplacementandacoustics:$ 
 []

[8{/usr/share/texmf/fonts/enc/dvips/lm/lm-mathit.enc}]
Chapter 4.
\openout3 = `retrofit_en.markdown.in'.

Package markdown Info: Buffering markdown input into the temporary input file "
retrofit_en.markdown.in" and scanning for the closing token sequence "\end{mark
down}" on input line 127.
Package markdown Info: The ending token sequence was found on input line 151.
Package markdown Info: Including markdown document "./retrofit_en.markdown.in" 
on input line 151.
\openout7 = `retrofit_en.markdown.lua'.


Package luabridge Info: Writing a helper Lua script to file
(luabridge)             \markdownOptionHelperScriptFileName 


Package luabridge Info: Executing a helper Lua script from file
(luabridge)             \markdownOptionHelperScriptFileName 

(|texlua ./retrofit_en.markdown.lua)
(./_markdown_retrofit_en/56785255dbe8ab413f1ec4cc94d19e0d.md.tex
LaTeX Font Info:    Trying to load font information for T1+lmtt on input line 2
5.

(/usr/share/texmf/tex/latex/lm/t1lmtt.fd
File: t1lmtt.fd 2015/05/01 v1.6.1 Font defs for Latin Modern
)) [9

]
Chapter 5.
\openout3 = `retrofit_en.markdown.in'.

Package markdown Info: Buffering markdown input into the temporary input file "
retrofit_en.markdown.in" and scanning for the closing token sequence "\end{mark
down}" on input line 154.
Package markdown Info: The ending token sequence was found on input line 161.
Package markdown Info: Including markdown document "./retrofit_en.markdown.in" 
on input line 161.
\openout7 = `retrofit_en.markdown.lua'.


Package luabridge Info: Writing a helper Lua script to file
(luabridge)             \markdownOptionHelperScriptFileName 


Package luabridge Info: Executing a helper Lua script from file
(luabridge)             \markdownOptionHelperScriptFileName 

(|texlua ./retrofit_en.markdown.lua)
(./_markdown_retrofit_en/35682e95b8c66ea1fd3fbb832d3ac628.md.tex [10

]
Chapter 6.
)
\openout3 = `retrofit_en.markdown.in'.

Package markdown Info: Buffering markdown input into the temporary input file "
retrofit_en.markdown.in" and scanning for the closing token sequence "\end{mark
down}" on input line 190.
Package markdown Info: The ending token sequence was found on input line 245.
Package markdown Info: Including markdown document "./retrofit_en.markdown.in" 
on input line 245.
\openout7 = `retrofit_en.markdown.lua'.


Package luabridge Info: Writing a helper Lua script to file
(luabridge)             \markdownOptionHelperScriptFileName 


Package luabridge Info: Executing a helper Lua script from file
(luabridge)             \markdownOptionHelperScriptFileName 

 (|texlua ./retrofit_en.markdown.lua)
(./_markdown_retrofit_en/3672b98a3a7fe77a58e4301125dda819.md.tex [11

] [12])
[13]
Chapter 7.
\openout3 = `retrofit_en.markdown.in'.

Package markdown Info: Buffering markdown input into the temporary input file "
retrofit_en.markdown.in" and scanning for the closing token sequence "\end{mark
down}" on input line 248.
Package markdown Info: The ending token sequence was found on input line 288.
Package markdown Info: Including markdown document "./retrofit_en.markdown.in" 
on input line 288.
\openout7 = `retrofit_en.markdown.lua'.


Package luabridge Info: Writing a helper Lua script to file
(luabridge)             \markdownOptionHelperScriptFileName 


Package luabridge Info: Executing a helper Lua script from file
(luabridge)             \markdownOptionHelperScriptFileName 

(|texlua ./retrofit_en.markdown.lua)
(./_markdown_retrofit_en/a898dce0bfcbc0ae144fd42bb560b939.md.tex [14

]
Chapter 8.

Overfull \hbox (33.77087pt too wide) in paragraph at lines 16--17
[]\T1/lmr/m/n/10.95 DHW heat-ing buffer (200--300 L): main-tained at 55--60$[]$
C year[]round; fit-ted with top/mid/bottom
 []

[15

]) [16]
Chapter 9.
\openout3 = `retrofit_en.markdown.in'.

Package markdown Info: Buffering markdown input into the temporary input file "
retrofit_en.markdown.in" and scanning for the closing token sequence "\end{mark
down}" on input line 291.
Package markdown Info: The ending token sequence was found on input line 330.
Package markdown Info: Including markdown document "./retrofit_en.markdown.in" 
on input line 330.
\openout7 = `retrofit_en.markdown.lua'.


Package luabridge Info: Writing a helper Lua script to file
(luabridge)             \markdownOptionHelperScriptFileName 


Package luabridge Info: Executing a helper Lua script from file
(luabridge)             \markdownOptionHelperScriptFileName 

(|texlua ./retrofit_en.markdown.lua)
(./_markdown_retrofit_en/22f34c4ea6b3cfce122a6eaeb5b166b1.md.tex [17

]
Chapter 10.
[18

]) [19]
Chapter 11.
\openout3 = `retrofit_en.markdown.in'.

Package markdown Info: Buffering markdown input into the temporary input file "
retrofit_en.markdown.in" and scanning for the closing token sequence "\end{mark
down}" on input line 333.
Package markdown Info: The ending token sequence was found on input line 372.
Package markdown Info: Including markdown document "./retrofit_en.markdown.in" 
on input line 372.
\openout7 = `retrofit_en.markdown.lua'.


Package luabridge Info: Writing a helper Lua script to file
(luabridge)             \markdownOptionHelperScriptFileName 


Package luabridge Info: Executing a helper Lua script from file
(luabridge)             \markdownOptionHelperScriptFileName 

(|texlua ./retrofit_en.markdown.lua)
(./_markdown_retrofit_en/e475012c06447033f6b80d65c46d53a5.md.tex [20

]
Chapter 12.
[21

]
Overfull \hbox (14.40826pt too wide) in paragraph at lines 41--42
[]\T1/lmr/m/n/10.95 Glazed vestibule (Wind-fang): in-su-lated fram-ing and ex-t
er-nal door; ma-jor in-fil-tra-tion/comfort
 []

) [22]
Chapter 13.
\openout3 = `retrofit_en.markdown.in'.

Package markdown Info: Buffering markdown input into the temporary input file "
retrofit_en.markdown.in" and scanning for the closing token sequence "\end{mark
down}" on input line 375.
Package markdown Info: The ending token sequence was found on input line 413.
Package markdown Info: Including markdown document "./retrofit_en.markdown.in" 
on input line 413.
\openout7 = `retrofit_en.markdown.lua'.


Package luabridge Info: Writing a helper Lua script to file
(luabridge)             \markdownOptionHelperScriptFileName 


Package luabridge Info: Executing a helper Lua script from file
(luabridge)             \markdownOptionHelperScriptFileName 

(|texlua ./retrofit_en.markdown.lua)
(./_markdown_retrofit_en/8c704356fc1b72b41e72ab9bd9360a96.md.tex [23

]
Chapter 14.
[24

]) [25]
Chapter 15.
\openout3 = `retrofit_en.markdown.in'.

Package markdown Info: Buffering markdown input into the temporary input file "
retrofit_en.markdown.in" and scanning for the closing token sequence "\end{mark
down}" on input line 416.
Package markdown Info: The ending token sequence was found on input line 456.
Package markdown Info: Including markdown document "./retrofit_en.markdown.in" 
on input line 456.
\openout7 = `retrofit_en.markdown.lua'.


Package luabridge Info: Writing a helper Lua script to file
(luabridge)             \markdownOptionHelperScriptFileName 


Package luabridge Info: Executing a helper Lua script from file
(luabridge)             \markdownOptionHelperScriptFileName 

(|texlua ./retrofit_en.markdown.lua)
(./_markdown_retrofit_en/0848e23cff9b65fcb0fa7d459d03073c.md.tex [26

]
Chapter 16.
[27

]) [28]
Chapter 17.
\openout3 = `retrofit_en.markdown.in'.

Package markdown Info: Buffering markdown input into the temporary input file "
retrofit_en.markdown.in" and scanning for the closing token sequence "\end{mark
down}" on input line 459.
Package markdown Info: The ending token sequence was found on input line 516.
Package markdown Info: Including markdown document "./retrofit_en.markdown.in" 
on input line 516.
\openout7 = `retrofit_en.markdown.lua'.


Package luabridge Info: Writing a helper Lua script to file
(luabridge)             \markdownOptionHelperScriptFileName 


Package luabridge Info: Executing a helper Lua script from file
(luabridge)             \markdownOptionHelperScriptFileName 

(|texlua ./retrofit_en.markdown.lua)
(./_markdown_retrofit_en/cc061570a206f8e8aa4311288f23ecc5.md.tex [29

]
Chapter 18.
[30

]
Overfull \hbox (57.26198pt too wide) in paragraph at lines 64--65
[]\T1/lmr/m/n/10.95 VDI 2035 wa-ter qual-ity re-port; pres-sure test cer-tifi-c
ates; elec-tri-cal test re-ports (RCD/insulation/SPD). 
 []

) [31]
Chapter 19.
\openout3 = `retrofit_en.markdown.in'.

Package markdown Info: Buffering markdown input into the temporary input file "
retrofit_en.markdown.in" and scanning for the closing token sequence "\end{mark
down}" on input line 519.
Package markdown Info: The ending token sequence was found on input line 559.
Package markdown Info: Including markdown document "./retrofit_en.markdown.in" 
on input line 559.
\openout7 = `retrofit_en.markdown.lua'.


Package luabridge Info: Writing a helper Lua script to file
(luabridge)             \markdownOptionHelperScriptFileName 


Package luabridge Info: Executing a helper Lua script from file
(luabridge)             \markdownOptionHelperScriptFileName 

(|texlua ./retrofit_en.markdown.lua)
(./_markdown_retrofit_en/d2d6ff0242d58f9e9cccb1d65c162419.md.tex [32

]
Chapter 20.
)
Overfull \hbox (13.56593pt too wide) in paragraph at lines 14--560
[]\T1/lmr/m/n/10.95 8) Post[]Completion - EEE is-sues BnD (con-fir-ma-tion af-t
er com-ple-tion); re-pay-ment bonus/grants
 []

[33

]
Chapter 21.
\openout3 = `retrofit_en.markdown.in'.

Package markdown Info: Buffering markdown input into the temporary input file "
retrofit_en.markdown.in" and scanning for the closing token sequence "\end{mark
down}" on input line 562.
Package markdown Info: The ending token sequence was found on input line 607.
Package markdown Info: Including markdown document "./retrofit_en.markdown.in" 
on input line 607.
\openout7 = `retrofit_en.markdown.lua'.


Package luabridge Info: Writing a helper Lua script to file
(luabridge)             \markdownOptionHelperScriptFileName 


Package luabridge Info: Executing a helper Lua script from file
(luabridge)             \markdownOptionHelperScriptFileName 

(|texlua ./retrofit_en.markdown.lua)
(./_markdown_retrofit_en/b957303b7c5fff22522675d7391155b1.md.tex [34

]
Chapter 22.
[35

]) [36]
Chapter 23.
\openout3 = `retrofit_en.markdown.in'.

Package markdown Info: Buffering markdown input into the temporary input file "
retrofit_en.markdown.in" and scanning for the closing token sequence "\end{mark
down}" on input line 610.
Package markdown Info: The ending token sequence was found on input line 649.
Package markdown Info: Including markdown document "./retrofit_en.markdown.in" 
on input line 649.
\openout7 = `retrofit_en.markdown.lua'.


Package luabridge Info: Writing a helper Lua script to file
(luabridge)             \markdownOptionHelperScriptFileName 


Package luabridge Info: Executing a helper Lua script from file
(luabridge)             \markdownOptionHelperScriptFileName 

(|texlua ./retrofit_en.markdown.lua)
(./_markdown_retrofit_en/5b4c31285114eb529bedb76a34a628fc.md.tex [37

]
Chapter 24.
[38

]) [39]
Chapter 25.
\openout3 = `retrofit_en.markdown.in'.

Package markdown Info: Buffering markdown input into the temporary input file "
retrofit_en.markdown.in" and scanning for the closing token sequence "\end{mark
down}" on input line 652.
Package markdown Info: The ending token sequence was found on input line 688.
Package markdown Info: Including markdown document "./retrofit_en.markdown.in" 
on input line 688.
\openout7 = `retrofit_en.markdown.lua'.


Package luabridge Info: Writing a helper Lua script to file
(luabridge)             \markdownOptionHelperScriptFileName 


Package luabridge Info: Executing a helper Lua script from file
(luabridge)             \markdownOptionHelperScriptFileName 

(|texlua ./retrofit_en.markdown.lua)
(./_markdown_retrofit_en/97ca9d8a4078e2a86d8bb9408fcedd3a.md.tex [40

]
Chapter 26.
) [41

]
Chapter 27.
\openout3 = `retrofit_en.markdown.in'.

Package markdown Info: Buffering markdown input into the temporary input file "
retrofit_en.markdown.in" and scanning for the closing token sequence "\end{mark
down}" on input line 691.
Package markdown Info: The ending token sequence was found on input line 749.
Package markdown Info: Including markdown document "./retrofit_en.markdown.in" 
on input line 749.
\openout7 = `retrofit_en.markdown.lua'.


Package luabridge Info: Writing a helper Lua script to file
(luabridge)             \markdownOptionHelperScriptFileName 


Package luabridge Info: Executing a helper Lua script from file
(luabridge)             \markdownOptionHelperScriptFileName 

(|texlua ./retrofit_en.markdown.lua)
(./_markdown_retrofit_en/6b821caf51f8218e3961fc28b2c9f608.md.tex [42

]
Chapter 28.
[43

]
Overfull \hbox (10.61084pt too wide) in paragraph at lines 56--57
[]\T1/lmr/m/n/10.95 Outputs: V[]MX[]UFH (0--10 V), P[]UFH (on/off or PWM), P[]F
W[]PRI (via FW1), R[]HP[]EN,
 []

) [44]
Chapter 29.
\openout3 = `retrofit_en.markdown.in'.

Package markdown Info: Buffering markdown input into the temporary input file "
retrofit_en.markdown.in" and scanning for the closing token sequence "\end{mark
down}" on input line 752.
Package markdown Info: The ending token sequence was found on input line 789.
Package markdown Info: Including markdown document "./retrofit_en.markdown.in" 
on input line 789.
\openout7 = `retrofit_en.markdown.lua'.


Package luabridge Info: Writing a helper Lua script to file
(luabridge)             \markdownOptionHelperScriptFileName 


Package luabridge Info: Executing a helper Lua script from file
(luabridge)             \markdownOptionHelperScriptFileName 

(|texlua ./retrofit_en.markdown.lua)
(./_markdown_retrofit_en/6ed3c57139edd15496996b6111865a6a.md.tex [45

]
Chapter 30.
[46

]) [47]
Chapter 31.
\openout3 = `retrofit_en.markdown.in'.

Package markdown Info: Buffering markdown input into the temporary input file "
retrofit_en.markdown.in" and scanning for the closing token sequence "\end{mark
down}" on input line 792.
Package markdown Info: The ending token sequence was found on input line 838.
Package markdown Info: Including markdown document "./retrofit_en.markdown.in" 
on input line 838.
\openout7 = `retrofit_en.markdown.lua'.


Package luabridge Info: Writing a helper Lua script to file
(luabridge)             \markdownOptionHelperScriptFileName 


Package luabridge Info: Executing a helper Lua script from file
(luabridge)             \markdownOptionHelperScriptFileName 

(|texlua ./retrofit_en.markdown.lua)
(./_markdown_retrofit_en/27ca85a9128db7bbd3b11ff3c62ed96e.md.tex [48

]
Chapter 32.
[49

]) [50] (./retrofit_en.aux)
 ***********
LaTeX2e <2023-11-01> patch level 1
L3 programming layer <2024-01-22>
 ***********
 ) 
Here is how much of TeX's memory you used:
 15582 strings out of 474222
 300471 string characters out of 5748732
 1939975 words of memory out of 5000000
 37324 multiletter control sequences out of 15000+600000
 609426 words of font info for 73 fonts, out of 8000000 for 9000
 1141 hyphenation exceptions out of 8191
 82i,6n,80p,752b,947s stack positions out of 10000i,1000n,20000p,200000b,200000s

pdfTeX warning (dest): name{section.4.4} has been referenced but does not exist
, replaced by a fixed one


pdfTeX warning (dest): name{section.4.3} has been referenced but does not exist
, replaced by a fixed one

</usr/share/texmf/fonts/type1/public/lm/lmbx10.pfb></usr/share/texmf/fonts/type
1/public/lm/lmbx12.pfb></usr/share/texmf/fonts/type1/public/lm/lmmi10.pfb></usr
/share/texmf/fonts/type1/public/lm/lmmi8.pfb></usr/share/texmf/fonts/type1/publ
ic/lm/lmr10.pfb></usr/share/texmf/fonts/type1/public/lm/lmr12.pfb></usr/share/t
exmf/fonts/type1/public/lm/lmr17.pfb></usr/share/texmf/fonts/type1/public/lm/lm
r8.pfb></usr/share/texmf/fonts/type1/public/lm/lmsy10.pfb></usr/share/texmf/fon
ts/type1/public/lm/lmsy8.pfb></usr/share/texmf/fonts/type1/public/lm/lmtt10.pfb
>
Output written on retrofit_en.pdf (51 pages, 303893 bytes).
PDF statistics:
 917 PDF objects out of 1000 (max. 8388607)
 831 compressed objects within 9 object streams
 170 named destinations out of 1000 (max. 500000)
 929 words of extra memory for PDF output out of 10000 (max. 10000000)

