\BOOKMARK [0][-]{chapter.1}{\376\377\000A\000b\000b\000r\000e\000v\000i\000a\000t\000i\000o\000n\000s}{}% 1
\BOOKMARK [0][-]{chapter.2}{\376\377\000B\000a\000c\000k\000g\000r\000o\000u\000n\000d\000\040\000a\000n\000d\000\040\000B\000a\000s\000e\000l\000i\000n\000e}{}% 2
\BOOKMARK [1][-]{section.2.1}{\376\377\000H\000o\000u\000s\000e\000\040\000a\000n\000d\000\040\000S\000y\000s\000t\000e\000m\000\040\000C\000o\000n\000c\000e\000p\000t}{chapter.2}% 3
\BOOKMARK [1][-]{section.2.2}{\376\377\000M\000e\000a\000s\000u\000r\000e\000d\000\040\000B\000a\000s\000e\000l\000i\000n\000e\000\040\000\050\0002\0000\0002\0003\000\051}{chapter.2}% 4
\BOOKMARK [0][-]{chapter.3}{\376\377\000M\000e\000t\000h\000o\000d\000o\000l\000o\000g\000y}{}% 5
\BOOKMARK [1][-]{section.3.1}{\376\377\000A\000s\000s\000u\000m\000p\000t\000i\000o\000n\000s}{chapter.3}% 6
\BOOKMARK [1][-]{section.3.2}{\376\377\000E\000n\000e\000r\000g\000y\000\040\000a\000n\000d\000\040\000C\000o\000s\000t\000\040\000M\000o\000d\000e\000l}{chapter.3}% 7
\BOOKMARK [0][-]{chapter.4}{\376\377\000S\000c\000e\000n\000a\000r\000i\000o\000\040\000F\000a\000m\000i\000l\000y\000:\000\040\000S\000e\000l\000f\000-\000S\000u\000f\000f\000i\000c\000i\000e\000n\000c\000y\000\040\000L\000a\000d\000d\000e\000r}{}% 8
\BOOKMARK [1][-]{section.4.1}{\376\377\000Y\000e\000a\000r\000-\0001\000\040\000R\000e\000s\000u\000l\000t\000s\000\040\000\050\000c\000o\000m\000m\000o\000n\000\040\000e\000f\000f\000i\000c\000i\000e\000n\000c\000y\000\051}{chapter.4}% 9
\BOOKMARK [0][-]{chapter.5}{\376\377\000W\000h\000y\000\040\000S\000c\000e\000n\000a\000r\000i\000o\000s\000\040\000A\000r\000e\000\040\000L\000i\000k\000e\000l\000y\000\040\000o\000r\000\040\000N\000o\000t}{}% 10
\BOOKMARK [1][-]{section.5.1}{\376\377\000P\000V\000\040\000a\000n\000d\000\040\000S\000t\000o\000r\000a\000g\000e\000\040\000C\000o\000n\000s\000t\000r\000a\000i\000n\000t\000s}{chapter.5}% 11
\BOOKMARK [1][-]{section.5.2}{\376\377\000B\000a\000l\000a\000n\000c\000e\000d\000\040\000O\000p\000e\000r\000a\000t\000i\000o\000n\000\040\000\050\0006\0000\040\023\0007\0000\000\045\000\051}{chapter.5}% 12
\BOOKMARK [1][-]{section.5.3}{\376\377\000G\000r\000i\000d\000-\000L\000e\000a\000n\000\040\000t\000o\000\040\000G\000r\000i\000d\000-\000H\000e\000a\000v\000y\000\040\000\050\0002\0000\040\023\0005\0000\000\045\000\051}{chapter.5}% 13
\BOOKMARK [1][-]{section.5.4}{\376\377\000W\000o\000o\000d\000-\000F\000i\000r\000e\000\040\000O\000v\000e\000n\000\040\000A\000s\000s\000i\000s\000t}{chapter.5}% 14
\BOOKMARK [1][-]{section.5.5}{\376\377\000W\000h\000a\000t\000\040\000M\000a\000k\000e\000s\000\040\000S\000e\000n\000s\000e\000\040\000v\000s\000.\000\040\000N\000o\000t}{chapter.5}% 15
\BOOKMARK [0][-]{chapter.6}{\376\377\000C\000u\000m\000u\000l\000a\000t\000i\000v\000e\000\040\000S\000a\000v\000i\000n\000g\000s}{}% 16
\BOOKMARK [0][-]{chapter.7}{\376\377\000R\000i\000s\000k\000s\000\040\000a\000n\000d\000\040\000U\000n\000c\000e\000r\000t\000a\000i\000n\000t\000i\000e\000s}{}% 17
\BOOKMARK [0][-]{chapter.8}{\376\377\000C\000o\000n\000c\000l\000u\000s\000i\000o\000n\000s\000\040\000a\000n\000d\000\040\000R\000e\000c\000o\000m\000m\000e\000n\000d\000a\000t\000i\000o\000n\000s}{}% 18
\BOOKMARK [1][-]{section.8.1}{\376\377\000M\000o\000s\000t\000\040\000V\000i\000a\000b\000l\000e\000\040\000P\000a\000t\000h}{chapter.8}% 19
\BOOKMARK [1][-]{section.8.2}{\376\377\000R\000o\000l\000e\000\040\000o\000f\000\040\000t\000h\000e\000\040\000W\000o\000o\000d\000-\000F\000i\000r\000e\000\040\000O\000v\000e\000n}{chapter.8}% 20
\BOOKMARK [1][-]{section.8.3}{\376\377\000W\000h\000a\000t\000\040\000t\000o\000\040\000A\000v\000o\000i\000d}{chapter.8}% 21
\BOOKMARK [1][-]{section.8.4}{\376\377\000N\000e\000x\000t\000\040\000S\000t\000e\000p\000s}{chapter.8}% 22
